2021-07-25 01:13:25.663 [main] INFO  com.course.Application - Starting Application on DESKTOP-G2VEJA5 with PID 19580 (D:\project_java\AutoTest\Chaptor6\target\classes started by 舛 in D:\project_java\AutoTest)
2021-07-25 01:13:25.669 [main] INFO  com.course.Application - No active profile set, falling back to default profiles: default
2021-07-25 01:13:26.295 [main] WARN  org.mybatis.spring.mapper.ClassPathMapperScanner - No MyBatis mapper was found in '[com.course]' package. Please check your configuration.
2021-07-25 01:13:26.521 [main] ERROR org.apache.catalina.core.AprLifecycleListener - An incompatible version [1.2.12] of the APR based Apache Tomcat Native library is installed, while Tomcat requires version [1.2.14]
2021-07-25 01:13:26.624 [main] ERROR org.apache.catalina.core.AprLifecycleListener - An incompatible version [1.2.12] of the APR based Apache Tomcat Native library is installed, while Tomcat requires version [1.2.14]
2021-07-25 01:13:26.671 [main] INFO  org.springframework.boot.web.embedded.tomcat.TomcatWebServer - Tomcat initialized with port(s): 8888 (http)
2021-07-25 01:13:26.676 [main] ERROR org.apache.catalina.core.AprLifecycleListener - An incompatible version [1.2.12] of the APR based Apache Tomcat Native library is installed, while Tomcat requires version [1.2.14]
2021-07-25 01:13:26.676 [main] INFO  org.apache.catalina.core.StandardService - Starting service [Tomcat]
2021-07-25 01:13:26.676 [main] INFO  org.apache.catalina.core.StandardEngine - Starting Servlet engine: [Apache Tomcat/9.0.34]
2021-07-25 01:13:26.748 [main] INFO  org.apache.catalina.core.ContainerBase.[Tomcat].[localhost].[/] - Initializing Spring embedded WebApplicationContext
2021-07-25 01:13:26.748 [main] INFO  org.springframework.web.context.ContextLoader - Root WebApplicationContext: initialization completed in 1046 ms
2021-07-25 01:13:27.127 [main] INFO  springfox.documentation.spring.web.PropertySourcedRequestMappingHandlerMapping - Mapped URL path [/v2/api-docs] onto method [springfox.documentation.swagger2.web.Swagger2Controller#getDocumentation(String, HttpServletRequest)]
2021-07-25 01:13:27.184 [main] INFO  org.springframework.scheduling.concurrent.ThreadPoolTaskExecutor - Initializing ExecutorService 'applicationTaskExecutor'
2021-07-25 01:13:27.255 [main] INFO  org.springframework.scheduling.concurrent.ThreadPoolTaskScheduler - Initializing ExecutorService 'taskScheduler'
2021-07-25 01:13:27.272 [main] INFO  springfox.documentation.spring.web.plugins.DocumentationPluginsBootstrapper - Context refreshed
2021-07-25 01:13:27.282 [main] INFO  springfox.documentation.spring.web.plugins.DocumentationPluginsBootstrapper - Found 1 custom documentation plugin(s)
2021-07-25 01:13:27.302 [main] INFO  springfox.documentation.spring.web.scanners.ApiListingReferenceScanner - Scanning for api listing references
2021-07-25 01:13:27.426 [main] INFO  org.springframework.boot.web.embedded.tomcat.TomcatWebServer - Tomcat started on port(s): 8888 (http) with context path ''
2021-07-25 01:13:27.429 [main] INFO  com.course.Application - Started Application in 2.021 seconds (JVM running for 2.669)
2021-07-25 01:14:17.211 [http-nio-8888-exec-1] INFO  org.apache.catalina.core.ContainerBase.[Tomcat].[localhost].[/] - Initializing Spring DispatcherServlet 'dispatcherServlet'
2021-07-25 01:14:17.211 [http-nio-8888-exec-1] INFO  org.springframework.web.servlet.DispatcherServlet - Initializing Servlet 'dispatcherServlet'
2021-07-25 01:14:17.215 [http-nio-8888-exec-1] INFO  org.springframework.web.servlet.DispatcherServlet - Completed initialization in 4 ms
2021-07-25 01:14:17.263 [http-nio-8888-exec-1] INFO  com.zaxxer.hikari.HikariDataSource - HikariPool-1 - Starting...
2021-07-25 01:14:17.594 [http-nio-8888-exec-1] INFO  com.zaxxer.hikari.HikariDataSource - HikariPool-1 - Start completed.
